<?xml version="1.0" encoding="UTF-8"?>
<!-- Generated by org.testng.reporters.JUnitReportReporter -->
<testsuite skipped="0" hostname="qc" name="com.guestbooking.java.HostelQuotePrice" tests="1" failures="0" timestamp="16 Jun 2018 06:05:48 GMT" time="2.098" errors="0">
  <testcase name="booking" time="2.098" classname="com.guestbooking.java.HostelQuotePrice"/>
</testsuite> <!-- com.guestbooking.java.HostelQuotePrice -->
