<?xml version="1.0" encoding="UTF-8"?>
<!-- Generated by org.testng.reporters.JUnitReportReporter -->
<testsuite skipped="0" hostname="qc" name="com.test.classes.ChooseHostel" tests="2" failures="0" timestamp="30 May 2018 12:02:25 GMT" time="2.865" errors="0">
  <testcase name="signIn" time="0.003" classname="com.test.classes.ChooseHostel"/>
  <testcase name="hostelList" time="2.862" classname="com.test.classes.ChooseHostel"/>
</testsuite> <!-- com.test.classes.ChooseHostel -->
