<?xml version="1.0" encoding="UTF-8"?>
<!-- Generated by org.testng.reporters.JUnitReportReporter -->
<testsuite skipped="0" hostname="qc" name="com.test.classes.LoginPage" tests="1" failures="0" timestamp="30 May 2018 11:41:52 GMT" time="3.000" errors="0">
  <testcase name="signIn" time="3.000" classname="com.test.classes.LoginPage"/>
</testsuite> <!-- com.test.classes.LoginPage -->
