<?xml version="1.0" encoding="UTF-8"?>
<!-- Generated by org.testng.reporters.JUnitReportReporter -->
<testsuite skipped="0" hostname="qc" name="com.test.signuppage.SignUp" tests="1" failures="0" timestamp="15 Jun 2018 12:18:44 GMT" time="1.864" errors="0">
  <testcase name="newUser" time="1.864" classname="com.test.signuppage.SignUp"/>
</testsuite> <!-- com.test.signuppage.SignUp -->
