<?xml version="1.0" encoding="UTF-8"?>
<!-- Generated by org.testng.reporters.JUnitReportReporter -->
<testsuite skipped="0" hostname="qc" name="com.test.baseclasses.LoginPage" tests="1" failures="0" timestamp="15 Jun 2018 12:17:58 GMT" time="5.298" errors="0">
  <testcase name="signIn" time="5.298" classname="com.test.baseclasses.LoginPage"/>
</testsuite> <!-- com.test.baseclasses.LoginPage -->
