<?xml version="1.0" encoding="UTF-8"?>
<!-- Generated by org.testng.reporters.JUnitReportReporter -->
<testsuite skipped="0" hostname="qc" name="com.guest.java.HostelList" tests="1" failures="0" timestamp="15 Jun 2018 12:54:44 GMT" time="2.702" errors="0">
  <testcase name="hostels" time="2.702" classname="com.guest.java.HostelList"/>
</testsuite> <!-- com.guest.java.HostelList -->
