<?xml version="1.0" encoding="UTF-8"?>
<!-- Generated by org.testng.reporters.JUnitReportReporter -->
<testsuite skipped="0" hostname="qc" name="com.guest.booking.Booking" tests="1" failures="0" timestamp="16 Jun 2018 11:08:27 GMT" time="2.033" errors="0">
  <testcase name="bookRoom" time="2.033" classname="com.guest.booking.Booking"/>
</testsuite> <!-- com.guest.booking.Booking -->
