<?xml version="1.0" encoding="UTF-8"?>
<!-- Generated by org.testng.reporters.JUnitReportReporter -->
<testsuite skipped="0" hostname="qc" name="com.admin.addhostel.LoginPage" tests="1" failures="0" timestamp="21 Jun 2018 12:13:41 GMT" time="4.943" errors="0">
  <testcase name="signIn" time="4.943" classname="com.admin.addhostel.LoginPage"/>
</testsuite> <!-- com.admin.addhostel.LoginPage -->
