<?xml version="1.0" encoding="UTF-8"?>
<!-- Generated by org.testng.reporters.JUnitReportReporter -->
<testsuite skipped="0" hostname="qc" name="com.guest.java.HostelView" tests="1" failures="0" timestamp="15 Jun 2018 12:25:31 GMT" time="13.314" errors="0">
  <testcase name="launch" time="13.314" classname="com.guest.java.HostelView"/>
</testsuite> <!-- com.guest.java.HostelView -->
