<?xml version="1.0" encoding="UTF-8"?>
<!-- Generated by org.testng.reporters.JUnitReportReporter -->
<testsuite skipped="0" hostname="qc" name="com.test.classes.HostelList" tests="2" failures="0" timestamp="31 May 2018 10:49:22 GMT" time="2.305" errors="1">
  <testcase name="hostelList" time="2.303" classname="com.test.classes.HostelList">
    <error type="org.openqa.selenium.InvalidSelectorException" message="Given xpath expression &quot;/html/body/app-root/app-header/app-header-search/div/div/div/div[4]/select3&#039;]&quot; is invalid: SyntaxError: The expression is not a legal expression.
For documentation on this error, please visit: http://seleniumhq.org/exceptions/invalid_selector_exception.html
Build info: version: &#039;3.12.0&#039;, revision: &#039;7c6e0b3&#039;, time: &#039;2018-05-08T15:15:08.936Z&#039;
System info: host: &#039;qc&#039;, ip: &#039;127.0.1.1&#039;, os.name: &#039;Linux&#039;, os.arch: &#039;amd64&#039;, os.version: &#039;4.15.0-22-generic&#039;, java.version: &#039;1.8.0_171&#039;
Driver info: org.openqa.selenium.firefox.FirefoxDriver
Capabilities {acceptInsecureCerts: true, browserName: firefox, browserVersion: 60.0.1, javascriptEnabled: true, moz:accessibilityChecks: false, moz:headless: false, moz:processID: 19476, moz:profile: /tmp/rust_mozprofile.xXANGS..., moz:useNonSpecCompliantPointerOrigin: false, moz:webdriverClick: true, pageLoadStrategy: normal, platform: LINUX, platformName: LINUX, platformVersion: 4.15.0-22-generic, rotatable: false, timeouts: {implicit: 0, pageLoad: 300000, script: 30000}}
Session ID: 835cc193-02f7-4c96-890b-841cca978e83
*** Element info: {Using=xpath, value=/html/body/app-root/app-header/app-header-search/div/div/div/div[4]/select3&#039;]}">
      <![CDATA[org.openqa.selenium.InvalidSelectorException: Given xpath expression "/html/body/app-root/app-header/app-header-search/div/div/div/div[4]/select3']" is invalid: SyntaxError: The expression is not a legal expression.
For documentation on this error, please visit: http://seleniumhq.org/exceptions/invalid_selector_exception.html
Build info: version: '3.12.0', revision: '7c6e0b3', time: '2018-05-08T15:15:08.936Z'
System info: host: 'qc', ip: '127.0.1.1', os.name: 'Linux', os.arch: 'amd64', os.version: '4.15.0-22-generic', java.version: '1.8.0_171'
Driver info: org.openqa.selenium.firefox.FirefoxDriver
Capabilities {acceptInsecureCerts: true, browserName: firefox, browserVersion: 60.0.1, javascriptEnabled: true, moz:accessibilityChecks: false, moz:headless: false, moz:processID: 19476, moz:profile: /tmp/rust_mozprofile.xXANGS..., moz:useNonSpecCompliantPointerOrigin: false, moz:webdriverClick: true, pageLoadStrategy: normal, platform: LINUX, platformName: LINUX, platformVersion: 4.15.0-22-generic, rotatable: false, timeouts: {implicit: 0, pageLoad: 300000, script: 30000}}
Session ID: 835cc193-02f7-4c96-890b-841cca978e83
*** Element info: {Using=xpath, value=/html/body/app-root/app-header/app-header-search/div/div/div/div[4]/select3']}
at sun.reflect.NativeConstructorAccessorImpl.newInstance0(Native Method)
at sun.reflect.NativeConstructorAccessorImpl.newInstance(NativeConstructorAccessorImpl.java:62)
at sun.reflect.DelegatingConstructorAccessorImpl.newInstance(DelegatingConstructorAccessorImpl.java:45)
at java.lang.reflect.Constructor.newInstance(Constructor.java:423)
at org.openqa.selenium.remote.http.W3CHttpResponseCodec.createException(W3CHttpResponseCodec.java:187)
at org.openqa.selenium.remote.http.W3CHttpResponseCodec.decode(W3CHttpResponseCodec.java:122)
at org.openqa.selenium.remote.http.W3CHttpResponseCodec.decode(W3CHttpResponseCodec.java:49)
at org.openqa.selenium.remote.HttpCommandExecutor.execute(HttpCommandExecutor.java:158)
at org.openqa.selenium.remote.service.DriverCommandExecutor.execute(DriverCommandExecutor.java:83)
at org.openqa.selenium.remote.RemoteWebDriver.execute(RemoteWebDriver.java:543)
at org.openqa.selenium.remote.RemoteWebDriver.findElement(RemoteWebDriver.java:317)
at org.openqa.selenium.remote.RemoteWebDriver.findElementByXPath(RemoteWebDriver.java:419)
at org.openqa.selenium.By$ByXPath.findElement(By.java:353)
at org.openqa.selenium.remote.RemoteWebDriver.findElement(RemoteWebDriver.java:309)
at com.test.classes.HostelList.SelectDayFromMultiDateCalendar(HostelList.java:59)
at com.test.classes.HostelList.hostelList(HostelList.java:30)
at sun.reflect.NativeMethodAccessorImpl.invoke0(Native Method)
at sun.reflect.NativeMethodAccessorImpl.invoke(NativeMethodAccessorImpl.java:62)
at sun.reflect.DelegatingMethodAccessorImpl.invoke(DelegatingMethodAccessorImpl.java:43)
at java.lang.reflect.Method.invoke(Method.java:498)
at org.testng.internal.MethodInvocationHelper.invokeMethod(MethodInvocationHelper.java:124)
at org.testng.internal.Invoker.invokeMethod(Invoker.java:580)
at org.testng.internal.Invoker.invokeTestMethod(Invoker.java:716)
at org.testng.internal.Invoker.invokeTestMethods(Invoker.java:988)
at org.testng.internal.TestMethodWorker.invokeTestMethods(TestMethodWorker.java:125)
at org.testng.internal.TestMethodWorker.run(TestMethodWorker.java:109)
at org.testng.TestRunner.privateRun(TestRunner.java:648)
at org.testng.TestRunner.run(TestRunner.java:505)
at org.testng.SuiteRunner.runTest(SuiteRunner.java:455)
at org.testng.SuiteRunner.runSequentially(SuiteRunner.java:450)
at org.testng.SuiteRunner.privateRun(SuiteRunner.java:415)
at org.testng.SuiteRunner.run(SuiteRunner.java:364)
at org.testng.SuiteRunnerWorker.runSuite(SuiteRunnerWorker.java:52)
at org.testng.SuiteRunnerWorker.run(SuiteRunnerWorker.java:84)
at org.testng.TestNG.runSuitesSequentially(TestNG.java:1208)
at org.testng.TestNG.runSuitesLocally(TestNG.java:1137)
at org.testng.TestNG.runSuites(TestNG.java:1049)
at org.testng.TestNG.run(TestNG.java:1017)
at org.testng.remote.AbstractRemoteTestNG.run(AbstractRemoteTestNG.java:114)
at org.testng.remote.RemoteTestNG.initAndRun(RemoteTestNG.java:251)
at org.testng.remote.RemoteTestNG.main(RemoteTestNG.java:77)
]]>
    </error>
  </testcase> <!-- hostelList -->
  <testcase name="signIn" time="0.002" classname="com.test.classes.HostelList"/>
</testsuite> <!-- com.test.classes.HostelList -->
