<?xml version="1.0" encoding="UTF-8"?>
<!-- Generated by org.testng.reporters.JUnitReportReporter -->
<testsuite skipped="0" hostname="qc" name="com.guestbooking.java.Booking" tests="1" failures="0" timestamp="16 Jun 2018 06:05:48 GMT" time="1.981" errors="0">
  <testcase name="bookRoom" time="1.981" classname="com.guestbooking.java.Booking"/>
</testsuite> <!-- com.guestbooking.java.Booking -->
