<?xml version="1.0" encoding="UTF-8"?>
<!-- Generated by org.testng.reporters.JUnitReportReporter -->
<testsuite skipped="0" hostname="qc" name="com.main.classes.AddHostel" tests="1" failures="0" timestamp="25 Jun 2018 08:03:04 GMT" time="43.121" errors="0">
  <testcase name="mainTest" time="43.121" classname="com.main.classes.AddHostel"/>
</testsuite> <!-- com.main.classes.AddHostel -->
