<?xml version="1.0" encoding="UTF-8"?>
<!-- Generated by org.testng.reporters.JUnitReportReporter -->
<testsuite skipped="0" hostname="qc" name="com.guestbooking.java.HostelList" tests="1" failures="0" timestamp="16 Jun 2018 06:05:48 GMT" time="2.948" errors="0">
  <testcase name="hostels" time="2.948" classname="com.guestbooking.java.HostelList"/>
</testsuite> <!-- com.guestbooking.java.HostelList -->
