<?xml version="1.0" encoding="UTF-8"?>
<!-- Generated by org.testng.reporters.JUnitReportReporter -->
<testsuite skipped="0" hostname="qc" name="com.guestbooking.java.BookingHostel" tests="1" failures="0" timestamp="15 Jun 2018 13:36:14 GMT" time="0.721" errors="0">
  <testcase name="booking" time="0.721" classname="com.guestbooking.java.BookingHostel"/>
</testsuite> <!-- com.guestbooking.java.BookingHostel -->
