<?xml version="1.0" encoding="UTF-8"?>
<!-- Generated by org.testng.reporters.JUnitReportReporter -->
<testsuite skipped="0" hostname="qc" name="com.main.classes.BookingRoom" tests="1" failures="0" timestamp="25 Jun 2018 07:53:00 GMT" time="24.760" errors="0">
  <testcase name="mainTest" time="24.760" classname="com.main.classes.BookingRoom"/>
</testsuite> <!-- com.main.classes.BookingRoom -->
