<?xml version="1.0" encoding="UTF-8"?>
<!-- Generated by org.testng.reporters.JUnitReportReporter -->
<testsuite skipped="0" hostname="qc" name="com.guest.booking.HostelQuotePrice" tests="1" failures="0" timestamp="16 Jun 2018 11:08:27 GMT" time="2.079" errors="0">
  <testcase name="priceList" time="2.079" classname="com.guest.booking.HostelQuotePrice"/>
</testsuite> <!-- com.guest.booking.HostelQuotePrice -->
