<?xml version="1.0" encoding="UTF-8"?>
<!-- Generated by org.testng.reporters.JUnitReportReporter -->
<testsuite skipped="0" hostname="qc" name="com.test.classes.Admin" tests="2" failures="0" timestamp="31 May 2018 07:58:38 GMT" time="12.670" errors="0">
  <testcase name="newHostel" time="12.666" classname="com.test.classes.Admin"/>
  <testcase name="signIn" time="0.004" classname="com.test.classes.Admin"/>
</testsuite> <!-- com.test.classes.Admin -->
