<?xml version="1.0" encoding="UTF-8"?>
<!-- Generated by org.testng.reporters.JUnitReportReporter -->
<testsuite skipped="0" hostname="qc" name="com.main.classes.BookingRoom" tests="1" failures="0" timestamp="27 Jun 2018 11:43:14 GMT" time="20.473" errors="0">
  <testcase name="mainTest" time="20.473" classname="com.main.classes.BookingRoom"/>
</testsuite> <!-- com.main.classes.BookingRoom -->
