<?xml version="1.0" encoding="UTF-8"?>
<!-- Generated by org.testng.reporters.JUnitReportReporter -->
<testsuite skipped="0" hostname="qc" name="com.main.classes.AddHostel" tests="1" failures="0" timestamp="27 Jun 2018 07:42:08 GMT" time="38.061" errors="0">
  <testcase name="mainTest" time="38.061" classname="com.main.classes.AddHostel"/>
</testsuite> <!-- com.main.classes.AddHostel -->
